<?xml version="1.0" encoding="UTF-8"?>
<!-- Generated by org.testng.reporters.JUnitXMLReporter -->
<testsuite ignored="0" hostname="Nikita" failures="0" tests="10" name="Surefire test" time="0.068" errors="0" timestamp="2024-04-01T11:18:16 MSK">
  <testcase classname="org.example.CalculatorTests" name="testAdd" time="0.012"/>
  <testcase classname="org.example.CalculatorTests" name="testDiv" time="0.001"/>
  <testcase classname="org.example.CalculatorTests" name="testDivByZero" time="0.001"/>
  <testcase classname="org.example.CalculatorTests" name="testFindSquareRoot" time="0.001"/>
  <testcase classname="org.example.CalculatorTests" name="testFindSquareRootZero" time="0.0"/>
  <testcase classname="org.example.CalculatorTests" name="testMult" time="0.002"/>
  <testcase classname="org.example.CalculatorTests" name="testPow" time="0.0"/>
  <testcase classname="org.example.CalculatorTests" name="testPowWithDegreeZero" time="0.0"/>
  <testcase classname="org.example.CalculatorTests" name="testSquareRootNegativeNumber" time="0.001"/>
  <testcase classname="org.example.CalculatorTests" name="testSub" time="0.001"/>
</testsuite> <!-- Surefire test -->
